Determining if the pthread_create exist failed with the following output:
Change Dir: /home/dungthu/Workspace/Infrared_small_detection/irview/CMakeFiles/CMakeTmp

Run Build Command:"/usr/bin/make" "cmTC_a414f/fast"
/usr/bin/make -f CMakeFiles/cmTC_a414f.dir/build.make CMakeFiles/cmTC_a414f.dir/build
make[1]: Entering directory '/home/dungthu/Workspace/Infrared_small_detection/irview/CMakeFiles/CMakeTmp'
Building C object CMakeFiles/cmTC_a414f.dir/CheckSymbolExists.c.o
/usr/bin/cc   -fPIC    -o CMakeFiles/cmTC_a414f.dir/CheckSymbolExists.c.o   -c /home/dungthu/Workspace/Infrared_small_detection/irview/CMakeFiles/CMakeTmp/CheckSymbolExists.c
Linking C executable cmTC_a414f
/usr/bin/cmake -E cmake_link_script CMakeFiles/cmTC_a414f.dir/link.txt --verbose=1
/usr/bin/cc -fPIC     -rdynamic CMakeFiles/cmTC_a414f.dir/CheckSymbolExists.c.o  -o cmTC_a414f 
CMakeFiles/cmTC_a414f.dir/CheckSymbolExists.c.o: In function `main':
CheckSymbolExists.c:(.text+0x1b): undefined reference to `pthread_create'
collect2: error: ld returned 1 exit status
CMakeFiles/cmTC_a414f.dir/build.make:97: recipe for target 'cmTC_a414f' failed
make[1]: *** [cmTC_a414f] Error 1
make[1]: Leaving directory '/home/dungthu/Workspace/Infrared_small_detection/irview/CMakeFiles/CMakeTmp'
Makefile:126: recipe for target 'cmTC_a414f/fast' failed
make: *** [cmTC_a414f/fast] Error 2

File /home/dungthu/Workspace/Infrared_small_detection/irview/CMakeFiles/CMakeTmp/CheckSymbolExists.c:
/* */
#include <pthread.h>

int main(int argc, char** argv)
{
  (void)argv;
#ifndef pthread_create
  return ((int*)(&pthread_create))[argc];
#else
  (void)argc;
  return 0;
#endif
}

Determining if the function pthread_create exists in the pthreads failed with the following output:
Change Dir: /home/dungthu/Workspace/Infrared_small_detection/irview/CMakeFiles/CMakeTmp

Run Build Command:"/usr/bin/make" "cmTC_895d3/fast"
/usr/bin/make -f CMakeFiles/cmTC_895d3.dir/build.make CMakeFiles/cmTC_895d3.dir/build
make[1]: Entering directory '/home/dungthu/Workspace/Infrared_small_detection/irview/CMakeFiles/CMakeTmp'
Building C object CMakeFiles/cmTC_895d3.dir/CheckFunctionExists.c.o
/usr/bin/cc   -fPIC -DCHECK_FUNCTION_EXISTS=pthread_create   -o CMakeFiles/cmTC_895d3.dir/CheckFunctionExists.c.o   -c /usr/share/cmake-3.10/Modules/CheckFunctionExists.c
Linking C executable cmTC_895d3
/usr/bin/cmake -E cmake_link_script CMakeFiles/cmTC_895d3.dir/link.txt --verbose=1
/usr/bin/cc -fPIC -DCHECK_FUNCTION_EXISTS=pthread_create    -rdynamic CMakeFiles/cmTC_895d3.dir/CheckFunctionExists.c.o  -o cmTC_895d3 -lpthreads 
/usr/bin/ld: cannot find -lpthreads
collect2: error: ld returned 1 exit status
CMakeFiles/cmTC_895d3.dir/build.make:97: recipe for target 'cmTC_895d3' failed
make[1]: *** [cmTC_895d3] Error 1
make[1]: Leaving directory '/home/dungthu/Workspace/Infrared_small_detection/irview/CMakeFiles/CMakeTmp'
Makefile:126: recipe for target 'cmTC_895d3/fast' failed
make: *** [cmTC_895d3/fast] Error 2


